<?xml version="1.0" encoding="UTF-8"?>
<coverage generated="1545168153888" clover="3.2.0">
  <project timestamp="1545168153888" name="All files">
    <metrics statements="11" coveredstatements="10" conditionals="0" coveredconditionals="0" methods="2" coveredmethods="1" elements="13" coveredelements="11" complexity="0" loc="11" ncloc="11" packages="2" files="2" classes="2">
      <package name="components.main">
        <metrics statements="5" coveredstatements="5" conditionals="0" coveredconditionals="0" methods="1" coveredmethods="1"/>
        <file name="Description.jsx" path="D:\Projects\webstorm_projects\portfolio\src\components\main\Description.jsx">
          <metrics statements="5" coveredstatements="5" conditionals="0" coveredconditionals="0" methods="1" coveredmethods="1"/>
          <line num="5" count="2" type="stmt"/>
          <line num="15" count="1" type="stmt"/>
          <line num="22" count="1" type="stmt"/>
          <line num="33" count="1" type="stmt"/>
          <line num="43" count="1" type="stmt"/>
        </file>
      </package>
      <package name="test">
        <metrics statements="6" coveredstatements="5" conditionals="0" coveredconditionals="0" methods="1" coveredmethods="0"/>
        <file name="jestsetup.js" path="D:\Projects\webstorm_projects\portfolio\src\test\jestsetup.js">
          <metrics statements="6" coveredstatements="5" conditionals="0" coveredconditionals="0" methods="1" coveredmethods="0"/>
          <line num="5" count="1" type="stmt"/>
          <line num="6" count="1" type="stmt"/>
          <line num="7" count="1" type="stmt"/>
          <line num="9" count="1" type="stmt"/>
          <line num="10" count="0" type="stmt"/>
          <line num="13" count="1" type="stmt"/>
        </file>
      </package>
    </metrics>
  </project>
</coverage>
