{"D:\\Projects\\webstorm_projects\\portfolio\\src\\components\\main\\Description.jsx": {"path":"D:\\Projects\\webstorm_projects\\portfolio\\src\\components\\main\\Description.jsx","statementMap":{"0":{"start":{"line":5,"column":8},"end":{"line":12,"column":10}},"1":{"start":{"line":15,"column":13},"end":{"line":21,"column":1}},"2":{"start":{"line":22,"column":15},"end":{"line":31,"column":1}},"3":{"start":{"line":33,"column":13},"end":{"line":41,"column":1}},"4":{"start":{"line":43,"column":26},"end":{"line":55,"column":1}}},"fnMap":{"0":{"name":"Description","decl":{"start":{"line":4,"column":24},"end":{"line":4,"column":35}},"loc":{"start":{"line":4,"column":47},"end":{"line":13,"column":1}},"line":4}},"branchMap":{},"s":{"0":3,"1":1,"2":1,"3":1,"4":1},"f":{"0":3},"b":{},"_coverageSchema":"332fd63041d2c1bcb487cc26dd0d5f7d97098a6c","hash":"93116c63ddfb782a75689a5c36c988430331bf68"}
,"D:\\Projects\\webstorm_projects\\portfolio\\src\\components\\main\\Planet.jsx": {"path":"D:\\Projects\\webstorm_projects\\portfolio\\src\\components\\main\\Planet.jsx","statementMap":{"0":{"start":{"line":5,"column":8},"end":{"line":12,"column":10}},"1":{"start":{"line":15,"column":13},"end":{"line":21,"column":1}},"2":{"start":{"line":23,"column":22},"end":{"line":29,"column":1}},"3":{"start":{"line":31,"column":26},"end":{"line":34,"column":1}},"4":{"start":{"line":36,"column":20},"end":{"line":48,"column":1}}},"fnMap":{"0":{"name":"Planet","decl":{"start":{"line":4,"column":24},"end":{"line":4,"column":30}},"loc":{"start":{"line":4,"column":50},"end":{"line":13,"column":1}},"line":4}},"branchMap":{},"s":{"0":3,"1":1,"2":1,"3":1,"4":1},"f":{"0":3},"b":{},"_coverageSchema":"332fd63041d2c1bcb487cc26dd0d5f7d97098a6c","hash":"6ae94f424274d36cb9cd08fa4103999b21847109"}
,"D:\\Projects\\webstorm_projects\\portfolio\\src\\test\\jestsetup.js": {"path":"D:\\Projects\\webstorm_projects\\portfolio\\src\\test\\jestsetup.js","statementMap":{"0":{"start":{"line":5,"column":0},"end":{"line":5,"column":25}},"1":{"start":{"line":6,"column":0},"end":{"line":6,"column":23}},"2":{"start":{"line":7,"column":0},"end":{"line":7,"column":21}},"3":{"start":{"line":9,"column":0},"end":{"line":11,"column":2}},"4":{"start":{"line":10,"column":4},"end":{"line":10,"column":29}},"5":{"start":{"line":13,"column":0},"end":{"line":13,"column":38}}},"fnMap":{"0":{"name":"(anonymous_0)","decl":{"start":{"line":9,"column":16},"end":{"line":9,"column":17}},"loc":{"start":{"line":9,"column":27},"end":{"line":11,"column":1}},"line":9}},"branchMap":{},"s":{"0":2,"1":2,"2":2,"3":2,"4":0,"5":2},"f":{"0":0},"b":{},"_coverageSchema":"332fd63041d2c1bcb487cc26dd0d5f7d97098a6c","hash":"a080addf9669a15786e7927f030abf162f768b05"}
}
