TN:
SF:D:\Projects\webstorm_projects\portfolio\src\components\main\Description.jsx
FN:4,Description
FNF:1
FNH:1
FNDA:3,Description
DA:5,3
DA:15,1
DA:22,1
DA:33,1
DA:43,1
LF:5
LH:5
BRF:0
BRH:0
end_of_record
TN:
SF:D:\Projects\webstorm_projects\portfolio\src\components\main\Planet.jsx
FN:4,Planet
FNF:1
FNH:1
FNDA:3,Planet
DA:5,3
DA:15,1
DA:23,1
DA:31,1
DA:36,1
LF:5
LH:5
BRF:0
BRH:0
end_of_record
TN:
SF:D:\Projects\webstorm_projects\portfolio\src\test\jestsetup.js
FN:9,(anonymous_0)
FNF:1
FNH:0
FNDA:0,(anonymous_0)
DA:5,2
DA:6,2
DA:7,2
DA:9,2
DA:10,0
DA:13,2
LF:6
LH:5
BRF:0
BRH:0
end_of_record
